<?xml version="1.0" encoding="UTF-8"?>
<testsuite xmlns:xsi="http://www.w3.org/2001/XMLSchema-instance" xsi:noNamespaceSchemaLocation="https://maven.apache.org/surefire/maven-surefire-plugin/xsd/surefire-test-report-3.0.xsd" version="3.0" name="com.monapp.totp.unit.TOTPServiceTest" time="2.841" tests="9" errors="0" skipped="0" failures="0">
  <properties>
[...]
</properties>
  <testcase name="getTotpSecret_whenNotExists_shouldReturnNull" classname="com.monapp.totp.unit.TOTPServiceTest" time="1.56">
    <system-out><![CDATA[Loading jar:file:/C:/Users/edariel/.m2/repository/com/liferay/portal/release.portal.api/7.4.3.132/release.portal.api-7.4.3.132.jar!/system.properties
]]></system-out>
  </testcase>
  <testcase name="verifyCode_withValidCode_shouldReturnTrue" classname="com.monapp.totp.unit.TOTPServiceTest" time="0.129"/>
  <testcase name="generateBackupCodes_shouldMatchFormat" classname="com.monapp.totp.unit.TOTPServiceTest" time="0.035"/>
  <testcase name="generateBackupCodes_shouldBeUnique" classname="com.monapp.totp.unit.TOTPServiceTest" time="0.01"/>
  <testcase name="generateBackupCodes_shouldReturnConfiguredCount" classname="com.monapp.totp.unit.TOTPServiceTest" time="0.004"/>
  <testcase name="verifyCode_withInvalidCode_shouldReturnFalse" classname="com.monapp.totp.unit.TOTPServiceTest" time="0.004"/>
  <testcase name="generateSecret_shouldReturnValidKey" classname="com.monapp.totp.unit.TOTPServiceTest" time="0.004"/>
  <testcase name="generateQRCodeBase64_shouldReturnValidBase64" classname="com.monapp.totp.unit.TOTPServiceTest" time="1.006"/>
  <testcase name="getTotpSecret_whenExists_shouldReturnSecret" classname="com.monapp.totp.unit.TOTPServiceTest" time="0.014"/>
</testsuite>